<?xml version="1.0" encoding="UTF-8"?>
<!-- Generated by org.testng.reporters.JUnitReportReporter -->
<testsuite skipped="0" hostname="Patil-PC" name="testing.com.Sample" tests="1" failures="0" timestamp="14 Nov 2018 06:38:49 GMT" time="0.013" errors="0">
  <testcase name="f" time="0.013" classname="testing.com.Sample"/>
</testsuite> <!-- testing.com.Sample -->
