<?xml version="1.0" encoding="UTF-8"?>
<!-- Generated by org.testng.reporters.JUnitReportReporter -->
<testsuite skipped="0" hostname="Patil-PC" name="testing.com.Hello2" tests="2" failures="0" timestamp="14 Nov 2018 06:38:49 GMT" time="0.004" errors="0">
  <testcase name="Logout" time="0.002" classname="testing.com.Hello2"/>
  <testcase name="AddAccount" time="0.002" classname="testing.com.Hello2"/>
</testsuite> <!-- testing.com.Hello2 -->
