<?xml version="1.0" encoding="UTF-8"?>
<!-- Generated by org.testng.reporters.JUnitReportReporter -->
<testsuite skipped="0" hostname="Patil-PC" name="testing.com.Hello" tests="3" failures="0" timestamp="14 Nov 2018 06:38:49 GMT" time="0.006" errors="0">
  <testcase name="Login" time="0.002" classname="testing.com.Hello"/>
  <testcase name="Search" time="0.002" classname="testing.com.Hello"/>
  <testcase name="Logout" time="0.002" classname="testing.com.Hello"/>
</testsuite> <!-- testing.com.Hello -->
